  [1m[35m (0.1ms)[0m  [1m[34mSELECT sqlite_version(*)[0m
  [1m[35m (1.0ms)[0m  [1m[35mCREATE TABLE "schema_migrations" ("version" varchar NOT NULL PRIMARY KEY)[0m
  [1m[35m (1.2ms)[0m  [1m[35mCREATE TABLE "ar_internal_metadata" ("key" varchar NOT NULL PRIMARY KEY, "value" varchar, "created_at" datetime NOT NULL, "updated_at" datetime NOT NULL)[0m
  [1m[35m (0.3ms)[0m  [1m[34mSELECT "schema_migrations"."version" FROM "schema_migrations" ORDER BY "schema_migrations"."version" ASC[0m
Migrating to CreateUsers (20170720085412)
  [1m[35m (0.2ms)[0m  [1m[36mbegin transaction[0m
  [1m[35m (0.5ms)[0m  [1m[35mCREATE TABLE "users" ("id" INTEGER PRIMARY KEY AUTOINCREMENT NOT NULL, "username" varchar, "firstname" varchar, "lastname" varchar, "created_at" datetime NOT NULL, "updated_at" datetime NOT NULL)[0m
  [1m[35mSQL (0.2ms)[0m  [1m[32mINSERT INTO "schema_migrations" ("version") VALUES (?)[0m  [["version", "20170720085412"]]
  [1m[35m (0.7ms)[0m  [1m[36mcommit transaction[0m
  [1m[36mActiveRecord::InternalMetadata Load (0.3ms)[0m  [1m[34mSELECT  "ar_internal_metadata".* FROM "ar_internal_metadata" WHERE "ar_internal_metadata"."key" = ? LIMIT ?[0m  [["key", "environment"], ["LIMIT", 1]]
  [1m[35m (0.1ms)[0m  [1m[36mbegin transaction[0m
  [1m[35mSQL (0.3ms)[0m  [1m[32mINSERT INTO "ar_internal_metadata" ("key", "value", "created_at", "updated_at") VALUES (?, ?, ?, ?)[0m  [["key", "environment"], ["value", "development"], ["created_at", "2017-07-20 08:57:12.615695"], ["updated_at", "2017-07-20 08:57:12.615695"]]
  [1m[35m (0.7ms)[0m  [1m[36mcommit transaction[0m
  [1m[35m (0.2ms)[0m  [1m[34mSELECT "schema_migrations"."version" FROM "schema_migrations" ORDER BY "schema_migrations"."version" ASC[0m
  [1m[35m (0.1ms)[0m  [1m[34mSELECT "schema_migrations"."version" FROM "schema_migrations" ORDER BY "schema_migrations"."version" ASC[0m
  [1m[35m (0.1ms)[0m  [1m[35mTRUNCATE users RESTART IDENTITY CASCADE[0m
  [1m[35m (1.9ms)[0m  [1m[35mDROP DATABASE IF EXISTS "final_project_api_development"[0m
  [1m[35m (0.2ms)[0m  [1m[35mDROP DATABASE IF EXISTS "final_project_api_test"[0m
  [1m[35m (355.7ms)[0m  [1m[35mCREATE DATABASE "final_project_api_development" ENCODING = 'unicode'[0m
  [1m[35m (250.8ms)[0m  [1m[35mCREATE DATABASE "final_project_api_test" ENCODING = 'unicode'[0m
  [1m[35m (14.8ms)[0m  [1m[35mCREATE TABLE "schema_migrations" ("version" character varying NOT NULL PRIMARY KEY)[0m
  [1m[35m (3.4ms)[0m  [1m[35mCREATE TABLE "ar_internal_metadata" ("key" character varying NOT NULL PRIMARY KEY, "value" character varying, "created_at" timestamp NOT NULL, "updated_at" timestamp NOT NULL)[0m
  [1m[35m (0.8ms)[0m  [1m[34mSELECT pg_try_advisory_lock(1347200930821886805);[0m
  [1m[35m (1.9ms)[0m  [1m[34mSELECT "schema_migrations"."version" FROM "schema_migrations" ORDER BY "schema_migrations"."version" ASC[0m
Migrating to CreateUsers (20170720085412)
  [1m[35m (0.3ms)[0m  [1m[35mBEGIN[0m
  [1m[35m (5.3ms)[0m  [1m[35mCREATE TABLE "users" ("id" bigserial primary key, "username" character varying, "firstname" character varying, "lastname" character varying, "created_at" timestamp NOT NULL, "updated_at" timestamp NOT NULL)[0m
  [1m[35mSQL (1.1ms)[0m  [1m[32mINSERT INTO "schema_migrations" ("version") VALUES ($1) RETURNING "version"[0m  [["version", "20170720085412"]]
  [1m[35m (0.5ms)[0m  [1m[35mCOMMIT[0m
  [1m[36mActiveRecord::InternalMetadata Load (0.4ms)[0m  [1m[34mSELECT  "ar_internal_metadata".* FROM "ar_internal_metadata" WHERE "ar_internal_metadata"."key" = $1 LIMIT $2[0m  [["key", "environment"], ["LIMIT", 1]]
  [1m[35m (0.2ms)[0m  [1m[35mBEGIN[0m
  [1m[35mSQL (1.1ms)[0m  [1m[32mINSERT INTO "ar_internal_metadata" ("key", "value", "created_at", "updated_at") VALUES ($1, $2, $3, $4) RETURNING "key"[0m  [["key", "environment"], ["value", "development"], ["created_at", "2017-07-20 09:00:18.172560"], ["updated_at", "2017-07-20 09:00:18.172560"]]
  [1m[35m (0.4ms)[0m  [1m[35mCOMMIT[0m
  [1m[35m (0.2ms)[0m  [1m[34mSELECT pg_advisory_unlock(1347200930821886805)[0m
  [1m[35m (1.3ms)[0m  [1m[34mSELECT "schema_migrations"."version" FROM "schema_migrations" ORDER BY "schema_migrations"."version" ASC[0m
  [1m[35m (0.3ms)[0m  [1m[34mSELECT "schema_migrations"."version" FROM "schema_migrations" ORDER BY "schema_migrations"."version" ASC[0m
  [1m[35m (3.9ms)[0m  [1m[35mTRUNCATE users RESTART IDENTITY CASCADE[0m
  [1m[35m (0.6ms)[0m  [1m[35mBEGIN[0m
  [1m[35mSQL (0.9ms)[0m  [1m[32mINSERT INTO "users" ("username", "firstname", "lastname", "created_at", "updated_at") VALUES ($1, $2, $3, $4, $5) RETURNING "id"[0m  [["username", "mickyginger"], ["firstname", "Mike"], ["lastname", "Hayden"], ["created_at", "2017-07-20 09:00:18.234601"], ["updated_at", "2017-07-20 09:00:18.234601"]]
  [1m[35m (0.4ms)[0m  [1m[35mCOMMIT[0m
  [1m[35m (0.1ms)[0m  [1m[35mBEGIN[0m
  [1m[35mSQL (0.3ms)[0m  [1m[32mINSERT INTO "users" ("username", "firstname", "lastname", "created_at", "updated_at") VALUES ($1, $2, $3, $4, $5) RETURNING "id"[0m  [["username", "eisacke"], ["firstname", "Emily"], ["lastname", "Isacke"], ["created_at", "2017-07-20 09:00:18.238069"], ["updated_at", "2017-07-20 09:00:18.238069"]]
  [1m[35m (0.3ms)[0m  [1m[35mCOMMIT[0m
  [1m[35m (0.1ms)[0m  [1m[35mBEGIN[0m
  [1m[35mSQL (0.3ms)[0m  [1m[32mINSERT INTO "users" ("username", "firstname", "lastname", "created_at", "updated_at") VALUES ($1, $2, $3, $4, $5) RETURNING "id"[0m  [["username", "markyjangles"], ["firstname", "Marc"], ["lastname", "De Vois"], ["created_at", "2017-07-20 09:00:18.240029"], ["updated_at", "2017-07-20 09:00:18.240029"]]
  [1m[35m (0.3ms)[0m  [1m[35mCOMMIT[0m
Started GET "/api/users" for 127.0.0.1 at 2017-07-20 10:00:32 +0100
  [1m[35m (1.1ms)[0m  [1m[34mSELECT "schema_migrations"."version" FROM "schema_migrations" ORDER BY "schema_migrations"."version" ASC[0m
Processing by UsersController#index as */*
  Parameters: {"user"=>{}}
  [1m[36mUser Load (0.5ms)[0m  [1m[34mSELECT "users".* FROM "users"[0m
Completed 200 OK in 13ms (Views: 8.5ms | ActiveRecord: 7.1ms)


  [1m[35m (1.3ms)[0m  [1m[34mSELECT "schema_migrations"."version" FROM "schema_migrations" ORDER BY "schema_migrations"."version" ASC[0m
  [1m[35m (1.1ms)[0m  [1m[34mSELECT "ar_internal_metadata"."value" FROM "ar_internal_metadata" WHERE "ar_internal_metadata"."key" = $1[0m  [["key", "environment"]]
  [1m[35m (0.3ms)[0m  [1m[34mSELECT "schema_migrations"."version" FROM "schema_migrations" ORDER BY "schema_migrations"."version" ASC[0m
  [1m[35m (0.2ms)[0m  [1m[34mSELECT "ar_internal_metadata"."value" FROM "ar_internal_metadata" WHERE "ar_internal_metadata"."key" = $1[0m  [["key", "environment"]]
  [1m[35m (0.4ms)[0m  [1m[34mSELECT "schema_migrations"."version" FROM "schema_migrations" ORDER BY "schema_migrations"."version" ASC[0m
  [1m[35m (0.2ms)[0m  [1m[34mSELECT "ar_internal_metadata"."value" FROM "ar_internal_metadata" WHERE "ar_internal_metadata"."key" = $1[0m  [["key", "environment"]]
  [1m[35m (126.3ms)[0m  [1m[35mDROP DATABASE IF EXISTS "final_project_api_development"[0m
  [1m[35m (124.0ms)[0m  [1m[35mDROP DATABASE IF EXISTS "final_project_api_test"[0m
  [1m[35m (4.9ms)[0m  [1m[35mCREATE TABLE "schema_migrations" ("version" character varying NOT NULL PRIMARY KEY)[0m
  [1m[35m (2.9ms)[0m  [1m[35mCREATE TABLE "ar_internal_metadata" ("key" character varying NOT NULL PRIMARY KEY, "value" character varying, "created_at" timestamp NOT NULL, "updated_at" timestamp NOT NULL)[0m
  [1m[35m (0.2ms)[0m  [1m[34mSELECT pg_try_advisory_lock(1347200930821886805);[0m
  [1m[35m (0.8ms)[0m  [1m[34mSELECT "schema_migrations"."version" FROM "schema_migrations" ORDER BY "schema_migrations"."version" ASC[0m
Migrating to CreateUsers (20170720085412)
  [1m[35m (0.1ms)[0m  [1m[35mBEGIN[0m
  [1m[35m (5.0ms)[0m  [1m[35mCREATE TABLE "users" ("id" bigserial primary key, "username" character varying, "firstname" character varying, "lastname" character varying, "created_at" timestamp NOT NULL, "updated_at" timestamp NOT NULL)[0m
  [1m[35mSQL (0.5ms)[0m  [1m[32mINSERT INTO "schema_migrations" ("version") VALUES ($1) RETURNING "version"[0m  [["version", "20170720085412"]]
  [1m[35m (0.5ms)[0m  [1m[35mCOMMIT[0m
  [1m[36mActiveRecord::InternalMetadata Load (0.4ms)[0m  [1m[34mSELECT  "ar_internal_metadata".* FROM "ar_internal_metadata" WHERE "ar_internal_metadata"."key" = $1 LIMIT $2[0m  [["key", "environment"], ["LIMIT", 1]]
  [1m[35m (0.2ms)[0m  [1m[35mBEGIN[0m
  [1m[35mSQL (0.7ms)[0m  [1m[32mINSERT INTO "ar_internal_metadata" ("key", "value", "created_at", "updated_at") VALUES ($1, $2, $3, $4) RETURNING "key"[0m  [["key", "environment"], ["value", "development"], ["created_at", "2017-07-20 09:01:27.884022"], ["updated_at", "2017-07-20 09:01:27.884022"]]
  [1m[35m (0.4ms)[0m  [1m[35mCOMMIT[0m
  [1m[35m (0.2ms)[0m  [1m[34mSELECT pg_advisory_unlock(1347200930821886805)[0m
  [1m[35m (0.3ms)[0m  [1m[34mSELECT "schema_migrations"."version" FROM "schema_migrations" ORDER BY "schema_migrations"."version" ASC[0m
  [1m[35m (1.3ms)[0m  [1m[34mSELECT "schema_migrations"."version" FROM "schema_migrations" ORDER BY "schema_migrations"."version" ASC[0m
  [1m[35m (0.2ms)[0m  [1m[34mSELECT pg_try_advisory_lock(1347200930821886805);[0m
  [1m[35m (0.2ms)[0m  [1m[34mSELECT "schema_migrations"."version" FROM "schema_migrations" ORDER BY "schema_migrations"."version" ASC[0m
Migrating to CreateUsers (20170720085412)
  [1m[35m (0.2ms)[0m  [1m[35mBEGIN[0m
  [1m[35m (5.2ms)[0m  [1m[35mDROP TABLE "users"[0m
  [1m[35mSQL (1.6ms)[0m  [1m[31mDELETE FROM "schema_migrations" WHERE "schema_migrations"."version" = $1[0m  [["version", "20170720085412"]]
  [1m[35m (1.8ms)[0m  [1m[35mCOMMIT[0m
  [1m[35m (0.3ms)[0m  [1m[34mSELECT pg_advisory_unlock(1347200930821886805)[0m
  [1m[35m (0.4ms)[0m  [1m[34mSELECT "schema_migrations"."version" FROM "schema_migrations" ORDER BY "schema_migrations"."version" ASC[0m
  [1m[35m (0.7ms)[0m  [1m[34mSELECT "schema_migrations"."version" FROM "schema_migrations" ORDER BY "schema_migrations"."version" ASC[0m
  [1m[35m (0.3ms)[0m  [1m[34mSELECT "schema_migrations"."version" FROM "schema_migrations" ORDER BY "schema_migrations"."version" ASC[0m
  [1m[35m (124.7ms)[0m  [1m[35mDROP DATABASE IF EXISTS "final_project_api_development"[0m
  [1m[35m (124.5ms)[0m  [1m[35mDROP DATABASE IF EXISTS "final_project_api_test"[0m
  [1m[35m (0.2ms)[0m  [1m[35mDROP DATABASE IF EXISTS "final_project_api_development"[0m
  [1m[35m (0.1ms)[0m  [1m[35mDROP DATABASE IF EXISTS "final_project_api_test"[0m
  [1m[35m (249.8ms)[0m  [1m[35mCREATE DATABASE "final_project_api_development" ENCODING = 'unicode'[0m
  [1m[35m (251.8ms)[0m  [1m[35mCREATE DATABASE "final_project_api_test" ENCODING = 'unicode'[0m
  [1m[35m (13.8ms)[0m  [1m[35mCREATE TABLE "schema_migrations" ("version" character varying NOT NULL PRIMARY KEY)[0m
  [1m[35m (7.5ms)[0m  [1m[35mCREATE TABLE "ar_internal_metadata" ("key" character varying NOT NULL PRIMARY KEY, "value" character varying, "created_at" timestamp NOT NULL, "updated_at" timestamp NOT NULL)[0m
  [1m[35m (0.3ms)[0m  [1m[34mSELECT pg_try_advisory_lock(1347200930821886805);[0m
  [1m[35m (1.2ms)[0m  [1m[34mSELECT "schema_migrations"."version" FROM "schema_migrations" ORDER BY "schema_migrations"."version" ASC[0m
Migrating to CreateUsers (20170720085412)
  [1m[35m (0.2ms)[0m  [1m[35mBEGIN[0m
  [1m[35m (5.9ms)[0m  [1m[35mCREATE TABLE "users" ("id" bigserial primary key, "username" character varying, "firstname" character varying, "lastname" character varying, "created_at" timestamp NOT NULL, "updated_at" timestamp NOT NULL)[0m
  [1m[35mSQL (0.6ms)[0m  [1m[32mINSERT INTO "schema_migrations" ("version") VALUES ($1) RETURNING "version"[0m  [["version", "20170720085412"]]
  [1m[35m (0.4ms)[0m  [1m[35mCOMMIT[0m
  [1m[36mActiveRecord::InternalMetadata Load (0.4ms)[0m  [1m[34mSELECT  "ar_internal_metadata".* FROM "ar_internal_metadata" WHERE "ar_internal_metadata"."key" = $1 LIMIT $2[0m  [["key", "environment"], ["LIMIT", 1]]
  [1m[35m (4.4ms)[0m  [1m[35mBEGIN[0m
  [1m[35mSQL (0.8ms)[0m  [1m[32mINSERT INTO "ar_internal_metadata" ("key", "value", "created_at", "updated_at") VALUES ($1, $2, $3, $4) RETURNING "key"[0m  [["key", "environment"], ["value", "development"], ["created_at", "2017-07-20 09:06:46.070638"], ["updated_at", "2017-07-20 09:06:46.070638"]]
  [1m[35m (0.6ms)[0m  [1m[35mCOMMIT[0m
  [1m[35m (0.6ms)[0m  [1m[34mSELECT pg_advisory_unlock(1347200930821886805)[0m
  [1m[35m (0.6ms)[0m  [1m[34mSELECT "schema_migrations"."version" FROM "schema_migrations" ORDER BY "schema_migrations"."version" ASC[0m
  [1m[35m (0.5ms)[0m  [1m[34mSELECT "schema_migrations"."version" FROM "schema_migrations" ORDER BY "schema_migrations"."version" ASC[0m
  [1m[35m (3.6ms)[0m  [1m[35mTRUNCATE users RESTART IDENTITY CASCADE[0m
  [1m[35m (0.2ms)[0m  [1m[35mBEGIN[0m
  [1m[35mSQL (1.2ms)[0m  [1m[32mINSERT INTO "users" ("username", "firstname", "lastname", "created_at", "updated_at") VALUES ($1, $2, $3, $4, $5) RETURNING "id"[0m  [["username", "mickyginger"], ["firstname", "Mike"], ["lastname", "Hayden"], ["created_at", "2017-07-20 09:06:46.148104"], ["updated_at", "2017-07-20 09:06:46.148104"]]
  [1m[35m (0.4ms)[0m  [1m[35mCOMMIT[0m
  [1m[35m (0.1ms)[0m  [1m[35mBEGIN[0m
  [1m[35mSQL (0.5ms)[0m  [1m[32mINSERT INTO "users" ("username", "firstname", "lastname", "created_at", "updated_at") VALUES ($1, $2, $3, $4, $5) RETURNING "id"[0m  [["username", "eisacke"], ["firstname", "Emily"], ["lastname", "Isacke"], ["created_at", "2017-07-20 09:06:46.152357"], ["updated_at", "2017-07-20 09:06:46.152357"]]
  [1m[35m (0.4ms)[0m  [1m[35mCOMMIT[0m
  [1m[35m (0.1ms)[0m  [1m[35mBEGIN[0m
  [1m[35mSQL (0.5ms)[0m  [1m[32mINSERT INTO "users" ("username", "firstname", "lastname", "created_at", "updated_at") VALUES ($1, $2, $3, $4, $5) RETURNING "id"[0m  [["username", "markyjangles"], ["firstname", "Marc"], ["lastname", "De Vois"], ["created_at", "2017-07-20 09:06:46.155031"], ["updated_at", "2017-07-20 09:06:46.155031"]]
  [1m[35m (0.4ms)[0m  [1m[35mCOMMIT[0m
Started GET "/api/users" for 127.0.0.1 at 2017-07-20 10:07:54 +0100
  [1m[35m (1.1ms)[0m  [1m[34mSELECT "schema_migrations"."version" FROM "schema_migrations" ORDER BY "schema_migrations"."version" ASC[0m
Processing by UsersController#index as HTML
  [1m[36mUser Load (0.7ms)[0m  [1m[34mSELECT "users".* FROM "users"[0m
Completed 200 OK in 20ms (Views: 10.4ms | ActiveRecord: 6.8ms)


Started GET "/api/users" for 127.0.0.1 at 2017-07-20 10:08:40 +0100
Processing by UsersController#index as HTML
  [1m[36mUser Load (0.8ms)[0m  [1m[34mSELECT "users".* FROM "users"[0m
Completed 200 OK in 22ms (Views: 10.7ms | ActiveRecord: 11.2ms)


  [1m[35m (1.0ms)[0m  [1m[34mSELECT "schema_migrations"."version" FROM "schema_migrations" ORDER BY "schema_migrations"."version" ASC[0m
  [1m[35m (0.4ms)[0m  [1m[34mSELECT "ar_internal_metadata"."value" FROM "ar_internal_metadata" WHERE "ar_internal_metadata"."key" = $1[0m  [["key", "environment"]]
  [1m[35m (0.3ms)[0m  [1m[34mSELECT "schema_migrations"."version" FROM "schema_migrations" ORDER BY "schema_migrations"."version" ASC[0m
  [1m[35m (0.2ms)[0m  [1m[34mSELECT "ar_internal_metadata"."value" FROM "ar_internal_metadata" WHERE "ar_internal_metadata"."key" = $1[0m  [["key", "environment"]]
  [1m[35m (0.3ms)[0m  [1m[34mSELECT "schema_migrations"."version" FROM "schema_migrations" ORDER BY "schema_migrations"."version" ASC[0m
  [1m[35m (0.2ms)[0m  [1m[34mSELECT "ar_internal_metadata"."value" FROM "ar_internal_metadata" WHERE "ar_internal_metadata"."key" = $1[0m  [["key", "environment"]]
  [1m[35m (124.8ms)[0m  [1m[35mDROP DATABASE IF EXISTS "final_project_api_development"[0m
  [1m[35m (123.2ms)[0m  [1m[35mDROP DATABASE IF EXISTS "final_project_api_test"[0m
  [1m[35m (361.0ms)[0m  [1m[35mCREATE DATABASE "final_project_api_development" ENCODING = 'unicode'[0m
  [1m[35m (246.8ms)[0m  [1m[35mCREATE DATABASE "final_project_api_test" ENCODING = 'unicode'[0m
  [1m[35m (5.4ms)[0m  [1m[35mCREATE TABLE "schema_migrations" ("version" character varying NOT NULL PRIMARY KEY)[0m
  [1m[35m (3.6ms)[0m  [1m[35mCREATE TABLE "ar_internal_metadata" ("key" character varying NOT NULL PRIMARY KEY, "value" character varying, "created_at" timestamp NOT NULL, "updated_at" timestamp NOT NULL)[0m
  [1m[35m (0.2ms)[0m  [1m[34mSELECT pg_try_advisory_lock(1347200930821886805);[0m
  [1m[35m (0.7ms)[0m  [1m[34mSELECT "schema_migrations"."version" FROM "schema_migrations" ORDER BY "schema_migrations"."version" ASC[0m
Migrating to CreateUsers (20170720085412)
  [1m[35m (0.2ms)[0m  [1m[35mBEGIN[0m
  [1m[35m (4.2ms)[0m  [1m[35mCREATE TABLE "users" ("id" bigserial primary key, "username" character varying, "firstname" character varying, "lastname" character varying, "created_at" timestamp NOT NULL, "updated_at" timestamp NOT NULL)[0m
  [1m[35mSQL (0.5ms)[0m  [1m[32mINSERT INTO "schema_migrations" ("version") VALUES ($1) RETURNING "version"[0m  [["version", "20170720085412"]]
  [1m[35m (0.5ms)[0m  [1m[35mCOMMIT[0m
  [1m[36mActiveRecord::InternalMetadata Load (0.4ms)[0m  [1m[34mSELECT  "ar_internal_metadata".* FROM "ar_internal_metadata" WHERE "ar_internal_metadata"."key" = $1 LIMIT $2[0m  [["key", "environment"], ["LIMIT", 1]]
  [1m[35m (0.2ms)[0m  [1m[35mBEGIN[0m
  [1m[35mSQL (0.5ms)[0m  [1m[32mINSERT INTO "ar_internal_metadata" ("key", "value", "created_at", "updated_at") VALUES ($1, $2, $3, $4) RETURNING "key"[0m  [["key", "environment"], ["value", "development"], ["created_at", "2017-07-20 09:10:15.064162"], ["updated_at", "2017-07-20 09:10:15.064162"]]
  [1m[35m (0.4ms)[0m  [1m[35mCOMMIT[0m
  [1m[35m (0.2ms)[0m  [1m[34mSELECT pg_advisory_unlock(1347200930821886805)[0m
  [1m[35m (0.3ms)[0m  [1m[34mSELECT "schema_migrations"."version" FROM "schema_migrations" ORDER BY "schema_migrations"."version" ASC[0m
  [1m[35m (0.3ms)[0m  [1m[34mSELECT "schema_migrations"."version" FROM "schema_migrations" ORDER BY "schema_migrations"."version" ASC[0m
  [1m[35m (3.8ms)[0m  [1m[35mTRUNCATE users RESTART IDENTITY CASCADE[0m
  [1m[35m (0.3ms)[0m  [1m[35mBEGIN[0m
  [1m[35mSQL (0.7ms)[0m  [1m[32mINSERT INTO "users" ("username", "firstname", "lastname", "created_at", "updated_at") VALUES ($1, $2, $3, $4, $5) RETURNING "id"[0m  [["username", "mickyginger"], ["firstname", "Mike"], ["lastname", "Hayden"], ["created_at", "2017-07-20 09:10:15.119609"], ["updated_at", "2017-07-20 09:10:15.119609"]]
  [1m[35m (0.4ms)[0m  [1m[35mCOMMIT[0m
  [1m[35m (0.1ms)[0m  [1m[35mBEGIN[0m
  [1m[35mSQL (0.3ms)[0m  [1m[32mINSERT INTO "users" ("username", "firstname", "lastname", "created_at", "updated_at") VALUES ($1, $2, $3, $4, $5) RETURNING "id"[0m  [["username", "eisacke"], ["firstname", "Emily"], ["lastname", "Isacke"], ["created_at", "2017-07-20 09:10:15.122334"], ["updated_at", "2017-07-20 09:10:15.122334"]]
  [1m[35m (0.3ms)[0m  [1m[35mCOMMIT[0m
  [1m[35m (0.1ms)[0m  [1m[35mBEGIN[0m
  [1m[35mSQL (0.4ms)[0m  [1m[32mINSERT INTO "users" ("username", "firstname", "lastname", "created_at", "updated_at") VALUES ($1, $2, $3, $4, $5) RETURNING "id"[0m  [["username", "markyjangles"], ["firstname", "Marc"], ["lastname", "De Vois"], ["created_at", "2017-07-20 09:10:15.124056"], ["updated_at", "2017-07-20 09:10:15.124056"]]
  [1m[35m (0.3ms)[0m  [1m[35mCOMMIT[0m
Started GET "/api/users" for 127.0.0.1 at 2017-07-20 10:10:20 +0100
  [1m[35m (0.8ms)[0m  [1m[34mSELECT "schema_migrations"."version" FROM "schema_migrations" ORDER BY "schema_migrations"."version" ASC[0m
Processing by UsersController#index as HTML
  [1m[36mUser Load (0.6ms)[0m  [1m[34mSELECT "users".* FROM "users"[0m
Completed 200 OK in 16ms (Views: 7.7ms | ActiveRecord: 6.0ms)


  [1m[35m (0.9ms)[0m  [1m[34mSELECT "schema_migrations"."version" FROM "schema_migrations" ORDER BY "schema_migrations"."version" ASC[0m
  [1m[35m (0.3ms)[0m  [1m[34mSELECT pg_try_advisory_lock(1347200930821886805);[0m
  [1m[35m (0.3ms)[0m  [1m[34mSELECT "schema_migrations"."version" FROM "schema_migrations" ORDER BY "schema_migrations"."version" ASC[0m
Migrating to CreateUsers (20170720085412)
  [1m[35m (0.2ms)[0m  [1m[35mBEGIN[0m
  [1m[35m (4.0ms)[0m  [1m[35mDROP TABLE "users"[0m
  [1m[35mSQL (0.7ms)[0m  [1m[31mDELETE FROM "schema_migrations" WHERE "schema_migrations"."version" = $1[0m  [["version", "20170720085412"]]
  [1m[35m (1.9ms)[0m  [1m[35mCOMMIT[0m
  [1m[35m (0.3ms)[0m  [1m[34mSELECT pg_advisory_unlock(1347200930821886805)[0m
  [1m[35m (0.3ms)[0m  [1m[34mSELECT "schema_migrations"."version" FROM "schema_migrations" ORDER BY "schema_migrations"."version" ASC[0m
  [1m[35m (0.3ms)[0m  [1m[34mSELECT "schema_migrations"."version" FROM "schema_migrations" ORDER BY "schema_migrations"."version" ASC[0m
  [1m[35m (0.2ms)[0m  [1m[34mSELECT "schema_migrations"."version" FROM "schema_migrations" ORDER BY "schema_migrations"."version" ASC[0m
  [1m[35m (128.2ms)[0m  [1m[35mDROP DATABASE IF EXISTS "final_project_api_development"[0m
  [1m[35m (128.4ms)[0m  [1m[35mDROP DATABASE IF EXISTS "final_project_api_test"[0m
  [1m[35m (22.3ms)[0m  [1m[35mCREATE TABLE "schema_migrations" ("version" character varying NOT NULL PRIMARY KEY)[0m
  [1m[35m (8.8ms)[0m  [1m[35mCREATE TABLE "ar_internal_metadata" ("key" character varying NOT NULL PRIMARY KEY, "value" character varying, "created_at" timestamp NOT NULL, "updated_at" timestamp NOT NULL)[0m
  [1m[35m (0.6ms)[0m  [1m[34mSELECT pg_try_advisory_lock(1347200930821886805);[0m
  [1m[35m (1.6ms)[0m  [1m[34mSELECT "schema_migrations"."version" FROM "schema_migrations" ORDER BY "schema_migrations"."version" ASC[0m
Migrating to CreateUsers (20170720085412)
  [1m[35m (0.4ms)[0m  [1m[35mBEGIN[0m
  [1m[35m (11.5ms)[0m  [1m[35mCREATE TABLE "users" ("id" bigserial primary key, "username" character varying, "firstname" character varying, "lastname" character varying, "created_at" timestamp NOT NULL, "updated_at" timestamp NOT NULL)[0m
  [1m[35mSQL (1.3ms)[0m  [1m[32mINSERT INTO "schema_migrations" ("version") VALUES ($1) RETURNING "version"[0m  [["version", "20170720085412"]]
  [1m[35m (1.4ms)[0m  [1m[35mCOMMIT[0m
Migrating to CreateSchools (20170721124715)
  [1m[35m (0.6ms)[0m  [1m[35mBEGIN[0m
  [1m[35m (9.1ms)[0m  [1m[35mCREATE TABLE "schools" ("id" bigserial primary key, "name" character varying, "created_at" timestamp NOT NULL, "updated_at" timestamp NOT NULL)[0m
  [1m[35mSQL (0.7ms)[0m  [1m[32mINSERT INTO "schema_migrations" ("version") VALUES ($1) RETURNING "version"[0m  [["version", "20170721124715"]]
  [1m[35m (1.3ms)[0m  [1m[35mCOMMIT[0m
  [1m[36mActiveRecord::InternalMetadata Load (1.0ms)[0m  [1m[34mSELECT  "ar_internal_metadata".* FROM "ar_internal_metadata" WHERE "ar_internal_metadata"."key" = $1 LIMIT $2[0m  [["key", "environment"], ["LIMIT", 1]]
  [1m[35m (0.3ms)[0m  [1m[35mBEGIN[0m
  [1m[35mSQL (2.2ms)[0m  [1m[32mINSERT INTO "ar_internal_metadata" ("key", "value", "created_at", "updated_at") VALUES ($1, $2, $3, $4) RETURNING "key"[0m  [["key", "environment"], ["value", "development"], ["created_at", "2017-07-21 12:50:53.871649"], ["updated_at", "2017-07-21 12:50:53.871649"]]
  [1m[35m (1.2ms)[0m  [1m[35mCOMMIT[0m
  [1m[35m (0.5ms)[0m  [1m[34mSELECT pg_advisory_unlock(1347200930821886805)[0m
  [1m[35m (0.7ms)[0m  [1m[34mSELECT "schema_migrations"."version" FROM "schema_migrations" ORDER BY "schema_migrations"."version" ASC[0m
  [1m[35m (1.0ms)[0m  [1m[34mSELECT "schema_migrations"."version" FROM "schema_migrations" ORDER BY "schema_migrations"."version" ASC[0m
  [1m[35m (11.3ms)[0m  [1m[35mTRUNCATE users RESTART IDENTITY CASCADE[0m
  [1m[35m (0.3ms)[0m  [1m[35mBEGIN[0m
  [1m[35mSQL (0.7ms)[0m  [1m[32mINSERT INTO "users" ("username", "firstname", "lastname", "created_at", "updated_at") VALUES ($1, $2, $3, $4, $5) RETURNING "id"[0m  [["username", "mickyginger"], ["firstname", "Mike"], ["lastname", "Hayden"], ["created_at", "2017-07-21 12:52:50.327600"], ["updated_at", "2017-07-21 12:52:50.327600"]]
  [1m[35m (1.2ms)[0m  [1m[35mCOMMIT[0m
  [1m[35m (0.2ms)[0m  [1m[35mBEGIN[0m
  [1m[35mSQL (0.5ms)[0m  [1m[32mINSERT INTO "users" ("username", "firstname", "lastname", "created_at", "updated_at") VALUES ($1, $2, $3, $4, $5) RETURNING "id"[0m  [["username", "eisacke"], ["firstname", "Emily"], ["lastname", "Isacke"], ["created_at", "2017-07-21 12:52:50.331905"], ["updated_at", "2017-07-21 12:52:50.331905"]]
  [1m[35m (1.4ms)[0m  [1m[35mCOMMIT[0m
  [1m[35m (0.2ms)[0m  [1m[35mBEGIN[0m
  [1m[35mSQL (0.4ms)[0m  [1m[32mINSERT INTO "users" ("username", "firstname", "lastname", "created_at", "updated_at") VALUES ($1, $2, $3, $4, $5) RETURNING "id"[0m  [["username", "markyjangles"], ["firstname", "Marc"], ["lastname", "De Vois"], ["created_at", "2017-07-21 12:52:50.335960"], ["updated_at", "2017-07-21 12:52:50.335960"]]
  [1m[35m (1.3ms)[0m  [1m[35mCOMMIT[0m
  [1m[35m (0.2ms)[0m  [1m[35mBEGIN[0m
  [1m[35mSQL (0.7ms)[0m  [1m[32mINSERT INTO "schools" ("name", "created_at", "updated_at") VALUES ($1, $2, $3) RETURNING "id"[0m  [["name", "Cheney School"], ["created_at", "2017-07-21 12:52:50.350781"], ["updated_at", "2017-07-21 12:52:50.350781"]]
  [1m[35m (1.3ms)[0m  [1m[35mCOMMIT[0m
  [1m[35m (0.3ms)[0m  [1m[35mBEGIN[0m
  [1m[35mSQL (0.6ms)[0m  [1m[32mINSERT INTO "schools" ("name", "created_at", "updated_at") VALUES ($1, $2, $3) RETURNING "id"[0m  [["name", "Evelyn Grace Academy"], ["created_at", "2017-07-21 12:52:50.354710"], ["updated_at", "2017-07-21 12:52:50.354710"]]
  [1m[35m (1.5ms)[0m  [1m[35mCOMMIT[0m
  [1m[35m (0.2ms)[0m  [1m[35mBEGIN[0m
  [1m[35mSQL (0.5ms)[0m  [1m[32mINSERT INTO "schools" ("name", "created_at", "updated_at") VALUES ($1, $2, $3) RETURNING "id"[0m  [["name", "Sir Simon Milton UTC"], ["created_at", "2017-07-21 12:52:50.358828"], ["updated_at", "2017-07-21 12:52:50.358828"]]
  [1m[35m (1.4ms)[0m  [1m[35mCOMMIT[0m
  [1m[35m (0.3ms)[0m  [1m[34mSELECT pg_try_advisory_lock(1347200930821886805);[0m
  [1m[35m (1.2ms)[0m  [1m[34mSELECT "schema_migrations"."version" FROM "schema_migrations" ORDER BY "schema_migrations"."version" ASC[0m
  [1m[36mActiveRecord::InternalMetadata Load (2.0ms)[0m  [1m[34mSELECT  "ar_internal_metadata".* FROM "ar_internal_metadata" WHERE "ar_internal_metadata"."key" = $1 LIMIT $2[0m  [["key", "environment"], ["LIMIT", 1]]
  [1m[35m (0.2ms)[0m  [1m[35mBEGIN[0m
  [1m[35m (0.2ms)[0m  [1m[35mCOMMIT[0m
  [1m[35m (0.3ms)[0m  [1m[34mSELECT pg_advisory_unlock(1347200930821886805)[0m
  [1m[35m (0.3ms)[0m  [1m[34mSELECT "schema_migrations"."version" FROM "schema_migrations" ORDER BY "schema_migrations"."version" ASC[0m
  [1m[35m (1.1ms)[0m  [1m[34mSELECT "schema_migrations"."version" FROM "schema_migrations" ORDER BY "schema_migrations"."version" ASC[0m
  [1m[35m (8.0ms)[0m  [1m[35mTRUNCATE users RESTART IDENTITY CASCADE[0m
  [1m[35m (0.2ms)[0m  [1m[35mBEGIN[0m
  [1m[35mSQL (0.7ms)[0m  [1m[32mINSERT INTO "users" ("username", "firstname", "lastname", "created_at", "updated_at") VALUES ($1, $2, $3, $4, $5) RETURNING "id"[0m  [["username", "mickyginger"], ["firstname", "Mike"], ["lastname", "Hayden"], ["created_at", "2017-07-21 12:53:48.150008"], ["updated_at", "2017-07-21 12:53:48.150008"]]
  [1m[35m (1.3ms)[0m  [1m[35mCOMMIT[0m
  [1m[35m (0.2ms)[0m  [1m[35mBEGIN[0m
  [1m[35mSQL (0.4ms)[0m  [1m[32mINSERT INTO "users" ("username", "firstname", "lastname", "created_at", "updated_at") VALUES ($1, $2, $3, $4, $5) RETURNING "id"[0m  [["username", "eisacke"], ["firstname", "Emily"], ["lastname", "Isacke"], ["created_at", "2017-07-21 12:53:48.154142"], ["updated_at", "2017-07-21 12:53:48.154142"]]
  [1m[35m (1.4ms)[0m  [1m[35mCOMMIT[0m
  [1m[35m (0.1ms)[0m  [1m[35mBEGIN[0m
  [1m[35mSQL (0.4ms)[0m  [1m[32mINSERT INTO "users" ("username", "firstname", "lastname", "created_at", "updated_at") VALUES ($1, $2, $3, $4, $5) RETURNING "id"[0m  [["username", "markyjangles"], ["firstname", "Marc"], ["lastname", "De Vois"], ["created_at", "2017-07-21 12:53:48.157578"], ["updated_at", "2017-07-21 12:53:48.157578"]]
  [1m[35m (1.2ms)[0m  [1m[35mCOMMIT[0m
  [1m[35m (0.2ms)[0m  [1m[35mBEGIN[0m
  [1m[35mSQL (0.6ms)[0m  [1m[32mINSERT INTO "schools" ("name", "created_at", "updated_at") VALUES ($1, $2, $3) RETURNING "id"[0m  [["name", "Cheney School"], ["created_at", "2017-07-21 12:53:48.171319"], ["updated_at", "2017-07-21 12:53:48.171319"]]
  [1m[35m (1.3ms)[0m  [1m[35mCOMMIT[0m
  [1m[35m (0.2ms)[0m  [1m[35mBEGIN[0m
  [1m[35mSQL (0.5ms)[0m  [1m[32mINSERT INTO "schools" ("name", "created_at", "updated_at") VALUES ($1, $2, $3) RETURNING "id"[0m  [["name", "Evelyn Grace Academy"], ["created_at", "2017-07-21 12:53:48.174904"], ["updated_at", "2017-07-21 12:53:48.174904"]]
  [1m[35m (1.4ms)[0m  [1m[35mCOMMIT[0m
  [1m[35m (0.2ms)[0m  [1m[35mBEGIN[0m
  [1m[35mSQL (0.4ms)[0m  [1m[32mINSERT INTO "schools" ("name", "created_at", "updated_at") VALUES ($1, $2, $3) RETURNING "id"[0m  [["name", "Sir Simon Milton UTC"], ["created_at", "2017-07-21 12:53:48.178595"], ["updated_at", "2017-07-21 12:53:48.178595"]]
  [1m[35m (1.3ms)[0m  [1m[35mCOMMIT[0m
Started GET "/api/schools" for 127.0.0.1 at 2017-07-21 13:54:47 +0100
  [1m[35m (1.4ms)[0m  [1m[34mSELECT "schema_migrations"."version" FROM "schema_migrations" ORDER BY "schema_migrations"."version" ASC[0m
  
ActionController::RoutingError (No route matches [GET] "/api/schools"):
  
actionpack (5.1.2) lib/action_dispatch/middleware/debug_exceptions.rb:63:in `call'
actionpack (5.1.2) lib/action_dispatch/middleware/show_exceptions.rb:31:in `call'
railties (5.1.2) lib/rails/rack/logger.rb:36:in `call_app'
railties (5.1.2) lib/rails/rack/logger.rb:24:in `block in call'
activesupport (5.1.2) lib/active_support/tagged_logging.rb:69:in `block in tagged'
activesupport (5.1.2) lib/active_support/tagged_logging.rb:26:in `tagged'
activesupport (5.1.2) lib/active_support/tagged_logging.rb:69:in `tagged'
railties (5.1.2) lib/rails/rack/logger.rb:24:in `call'
actionpack (5.1.2) lib/action_dispatch/middleware/remote_ip.rb:79:in `call'
actionpack (5.1.2) lib/action_dispatch/middleware/request_id.rb:25:in `call'
rack (2.0.3) lib/rack/runtime.rb:22:in `call'
activesupport (5.1.2) lib/active_support/cache/strategy/local_cache_middleware.rb:27:in `call'
actionpack (5.1.2) lib/action_dispatch/middleware/executor.rb:12:in `call'
actionpack (5.1.2) lib/action_dispatch/middleware/static.rb:125:in `call'
rack (2.0.3) lib/rack/sendfile.rb:111:in `call'
rack-cors (1.0.0) lib/rack/cors.rb:93:in `call'
railties (5.1.2) lib/rails/engine.rb:522:in `call'
puma (3.9.1) lib/puma/configuration.rb:224:in `call'
puma (3.9.1) lib/puma/server.rb:602:in `handle_request'
puma (3.9.1) lib/puma/server.rb:435:in `process_client'
puma (3.9.1) lib/puma/server.rb:299:in `block in run'
puma (3.9.1) lib/puma/thread_pool.rb:120:in `block in spawn_thread'
Started GET "/" for 127.0.0.1 at 2017-07-21 13:55:00 +0100
Processing by Rails::WelcomeController#index as */*
  Parameters: {"welcome"=>{}}
  Rendering /Users/claremcloughlin/.rbenv/versions/2.3.1/lib/ruby/gems/2.3.0/gems/railties-5.1.2/lib/rails/templates/rails/welcome/index.html.erb
  Rendered /Users/claremcloughlin/.rbenv/versions/2.3.1/lib/ruby/gems/2.3.0/gems/railties-5.1.2/lib/rails/templates/rails/welcome/index.html.erb (5.9ms)
Completed 200 OK in 57ms (Views: 32.1ms | ActiveRecord: 0.0ms)


Started GET "/api/schools" for 127.0.0.1 at 2017-07-21 13:55:09 +0100
  
ActionController::RoutingError (No route matches [GET] "/api/schools"):
  
actionpack (5.1.2) lib/action_dispatch/middleware/debug_exceptions.rb:63:in `call'
actionpack (5.1.2) lib/action_dispatch/middleware/show_exceptions.rb:31:in `call'
railties (5.1.2) lib/rails/rack/logger.rb:36:in `call_app'
railties (5.1.2) lib/rails/rack/logger.rb:24:in `block in call'
activesupport (5.1.2) lib/active_support/tagged_logging.rb:69:in `block in tagged'
activesupport (5.1.2) lib/active_support/tagged_logging.rb:26:in `tagged'
activesupport (5.1.2) lib/active_support/tagged_logging.rb:69:in `tagged'
railties (5.1.2) lib/rails/rack/logger.rb:24:in `call'
actionpack (5.1.2) lib/action_dispatch/middleware/remote_ip.rb:79:in `call'
actionpack (5.1.2) lib/action_dispatch/middleware/request_id.rb:25:in `call'
rack (2.0.3) lib/rack/runtime.rb:22:in `call'
activesupport (5.1.2) lib/active_support/cache/strategy/local_cache_middleware.rb:27:in `call'
actionpack (5.1.2) lib/action_dispatch/middleware/executor.rb:12:in `call'
actionpack (5.1.2) lib/action_dispatch/middleware/static.rb:125:in `call'
rack (2.0.3) lib/rack/sendfile.rb:111:in `call'
rack-cors (1.0.0) lib/rack/cors.rb:93:in `call'
railties (5.1.2) lib/rails/engine.rb:522:in `call'
puma (3.9.1) lib/puma/configuration.rb:224:in `call'
puma (3.9.1) lib/puma/server.rb:602:in `handle_request'
puma (3.9.1) lib/puma/server.rb:435:in `process_client'
puma (3.9.1) lib/puma/server.rb:299:in `block in run'
puma (3.9.1) lib/puma/thread_pool.rb:120:in `block in spawn_thread'
Started GET "/api/school" for 127.0.0.1 at 2017-07-21 13:55:13 +0100
  
ActionController::RoutingError (No route matches [GET] "/api/school"):
  
actionpack (5.1.2) lib/action_dispatch/middleware/debug_exceptions.rb:63:in `call'
actionpack (5.1.2) lib/action_dispatch/middleware/show_exceptions.rb:31:in `call'
railties (5.1.2) lib/rails/rack/logger.rb:36:in `call_app'
railties (5.1.2) lib/rails/rack/logger.rb:24:in `block in call'
activesupport (5.1.2) lib/active_support/tagged_logging.rb:69:in `block in tagged'
activesupport (5.1.2) lib/active_support/tagged_logging.rb:26:in `tagged'
activesupport (5.1.2) lib/active_support/tagged_logging.rb:69:in `tagged'
railties (5.1.2) lib/rails/rack/logger.rb:24:in `call'
actionpack (5.1.2) lib/action_dispatch/middleware/remote_ip.rb:79:in `call'
actionpack (5.1.2) lib/action_dispatch/middleware/request_id.rb:25:in `call'
rack (2.0.3) lib/rack/runtime.rb:22:in `call'
activesupport (5.1.2) lib/active_support/cache/strategy/local_cache_middleware.rb:27:in `call'
actionpack (5.1.2) lib/action_dispatch/middleware/executor.rb:12:in `call'
actionpack (5.1.2) lib/action_dispatch/middleware/static.rb:125:in `call'
rack (2.0.3) lib/rack/sendfile.rb:111:in `call'
rack-cors (1.0.0) lib/rack/cors.rb:93:in `call'
railties (5.1.2) lib/rails/engine.rb:522:in `call'
puma (3.9.1) lib/puma/configuration.rb:224:in `call'
puma (3.9.1) lib/puma/server.rb:602:in `handle_request'
puma (3.9.1) lib/puma/server.rb:435:in `process_client'
puma (3.9.1) lib/puma/server.rb:299:in `block in run'
puma (3.9.1) lib/puma/thread_pool.rb:120:in `block in spawn_thread'
Started GET "/api/schools" for 127.0.0.1 at 2017-07-21 13:55:27 +0100
  
ActionController::RoutingError (No route matches [GET] "/api/schools"):
  
actionpack (5.1.2) lib/action_dispatch/middleware/debug_exceptions.rb:63:in `call'
actionpack (5.1.2) lib/action_dispatch/middleware/show_exceptions.rb:31:in `call'
railties (5.1.2) lib/rails/rack/logger.rb:36:in `call_app'
railties (5.1.2) lib/rails/rack/logger.rb:24:in `block in call'
activesupport (5.1.2) lib/active_support/tagged_logging.rb:69:in `block in tagged'
activesupport (5.1.2) lib/active_support/tagged_logging.rb:26:in `tagged'
activesupport (5.1.2) lib/active_support/tagged_logging.rb:69:in `tagged'
railties (5.1.2) lib/rails/rack/logger.rb:24:in `call'
actionpack (5.1.2) lib/action_dispatch/middleware/remote_ip.rb:79:in `call'
actionpack (5.1.2) lib/action_dispatch/middleware/request_id.rb:25:in `call'
rack (2.0.3) lib/rack/runtime.rb:22:in `call'
activesupport (5.1.2) lib/active_support/cache/strategy/local_cache_middleware.rb:27:in `call'
actionpack (5.1.2) lib/action_dispatch/middleware/executor.rb:12:in `call'
actionpack (5.1.2) lib/action_dispatch/middleware/static.rb:125:in `call'
rack (2.0.3) lib/rack/sendfile.rb:111:in `call'
rack-cors (1.0.0) lib/rack/cors.rb:93:in `call'
railties (5.1.2) lib/rails/engine.rb:522:in `call'
puma (3.9.1) lib/puma/configuration.rb:224:in `call'
puma (3.9.1) lib/puma/server.rb:602:in `handle_request'
puma (3.9.1) lib/puma/server.rb:435:in `process_client'
puma (3.9.1) lib/puma/server.rb:299:in `block in run'
puma (3.9.1) lib/puma/thread_pool.rb:120:in `block in spawn_thread'
Started GET "/api/users" for 127.0.0.1 at 2017-07-21 13:56:01 +0100
Processing by UsersController#index as */*
  Parameters: {"user"=>{}}
  [1m[36mUser Load (0.6ms)[0m  [1m[34mSELECT "users".* FROM "users"[0m
Completed 200 OK in 14ms (Views: 10.2ms | ActiveRecord: 6.9ms)


Started GET "/api/schools" for 127.0.0.1 at 2017-07-21 13:56:57 +0100
  
ActionController::RoutingError (No route matches [GET] "/api/schools"):
  
actionpack (5.1.2) lib/action_dispatch/middleware/debug_exceptions.rb:63:in `call'
actionpack (5.1.2) lib/action_dispatch/middleware/show_exceptions.rb:31:in `call'
railties (5.1.2) lib/rails/rack/logger.rb:36:in `call_app'
railties (5.1.2) lib/rails/rack/logger.rb:24:in `block in call'
activesupport (5.1.2) lib/active_support/tagged_logging.rb:69:in `block in tagged'
activesupport (5.1.2) lib/active_support/tagged_logging.rb:26:in `tagged'
activesupport (5.1.2) lib/active_support/tagged_logging.rb:69:in `tagged'
railties (5.1.2) lib/rails/rack/logger.rb:24:in `call'
actionpack (5.1.2) lib/action_dispatch/middleware/remote_ip.rb:79:in `call'
actionpack (5.1.2) lib/action_dispatch/middleware/request_id.rb:25:in `call'
rack (2.0.3) lib/rack/runtime.rb:22:in `call'
activesupport (5.1.2) lib/active_support/cache/strategy/local_cache_middleware.rb:27:in `call'
actionpack (5.1.2) lib/action_dispatch/middleware/executor.rb:12:in `call'
actionpack (5.1.2) lib/action_dispatch/middleware/static.rb:125:in `call'
rack (2.0.3) lib/rack/sendfile.rb:111:in `call'
rack-cors (1.0.0) lib/rack/cors.rb:93:in `call'
railties (5.1.2) lib/rails/engine.rb:522:in `call'
puma (3.9.1) lib/puma/configuration.rb:224:in `call'
puma (3.9.1) lib/puma/server.rb:602:in `handle_request'
puma (3.9.1) lib/puma/server.rb:435:in `process_client'
puma (3.9.1) lib/puma/server.rb:299:in `block in run'
puma (3.9.1) lib/puma/thread_pool.rb:120:in `block in spawn_thread'
Started POST "/api/schools" for 127.0.0.1 at 2017-07-21 13:57:03 +0100
  
ActionController::RoutingError (No route matches [POST] "/api/schools"):
  
actionpack (5.1.2) lib/action_dispatch/middleware/debug_exceptions.rb:63:in `call'
actionpack (5.1.2) lib/action_dispatch/middleware/show_exceptions.rb:31:in `call'
railties (5.1.2) lib/rails/rack/logger.rb:36:in `call_app'
railties (5.1.2) lib/rails/rack/logger.rb:24:in `block in call'
activesupport (5.1.2) lib/active_support/tagged_logging.rb:69:in `block in tagged'
activesupport (5.1.2) lib/active_support/tagged_logging.rb:26:in `tagged'
activesupport (5.1.2) lib/active_support/tagged_logging.rb:69:in `tagged'
railties (5.1.2) lib/rails/rack/logger.rb:24:in `call'
actionpack (5.1.2) lib/action_dispatch/middleware/remote_ip.rb:79:in `call'
actionpack (5.1.2) lib/action_dispatch/middleware/request_id.rb:25:in `call'
rack (2.0.3) lib/rack/runtime.rb:22:in `call'
activesupport (5.1.2) lib/active_support/cache/strategy/local_cache_middleware.rb:27:in `call'
actionpack (5.1.2) lib/action_dispatch/middleware/executor.rb:12:in `call'
actionpack (5.1.2) lib/action_dispatch/middleware/static.rb:125:in `call'
rack (2.0.3) lib/rack/sendfile.rb:111:in `call'
rack-cors (1.0.0) lib/rack/cors.rb:93:in `call'
railties (5.1.2) lib/rails/engine.rb:522:in `call'
puma (3.9.1) lib/puma/configuration.rb:224:in `call'
puma (3.9.1) lib/puma/server.rb:602:in `handle_request'
puma (3.9.1) lib/puma/server.rb:435:in `process_client'
puma (3.9.1) lib/puma/server.rb:299:in `block in run'
puma (3.9.1) lib/puma/thread_pool.rb:120:in `block in spawn_thread'
Started GET "/api/schools" for 127.0.0.1 at 2017-07-21 13:57:08 +0100
  
ActionController::RoutingError (No route matches [GET] "/api/schools"):
  
actionpack (5.1.2) lib/action_dispatch/middleware/debug_exceptions.rb:63:in `call'
actionpack (5.1.2) lib/action_dispatch/middleware/show_exceptions.rb:31:in `call'
railties (5.1.2) lib/rails/rack/logger.rb:36:in `call_app'
railties (5.1.2) lib/rails/rack/logger.rb:24:in `block in call'
activesupport (5.1.2) lib/active_support/tagged_logging.rb:69:in `block in tagged'
activesupport (5.1.2) lib/active_support/tagged_logging.rb:26:in `tagged'
activesupport (5.1.2) lib/active_support/tagged_logging.rb:69:in `tagged'
railties (5.1.2) lib/rails/rack/logger.rb:24:in `call'
actionpack (5.1.2) lib/action_dispatch/middleware/remote_ip.rb:79:in `call'
actionpack (5.1.2) lib/action_dispatch/middleware/request_id.rb:25:in `call'
rack (2.0.3) lib/rack/runtime.rb:22:in `call'
activesupport (5.1.2) lib/active_support/cache/strategy/local_cache_middleware.rb:27:in `call'
actionpack (5.1.2) lib/action_dispatch/middleware/executor.rb:12:in `call'
actionpack (5.1.2) lib/action_dispatch/middleware/static.rb:125:in `call'
rack (2.0.3) lib/rack/sendfile.rb:111:in `call'
rack-cors (1.0.0) lib/rack/cors.rb:93:in `call'
railties (5.1.2) lib/rails/engine.rb:522:in `call'
puma (3.9.1) lib/puma/configuration.rb:224:in `call'
puma (3.9.1) lib/puma/server.rb:602:in `handle_request'
puma (3.9.1) lib/puma/server.rb:435:in `process_client'
puma (3.9.1) lib/puma/server.rb:299:in `block in run'
puma (3.9.1) lib/puma/thread_pool.rb:120:in `block in spawn_thread'
Started GET "/api/users" for 127.0.0.1 at 2017-07-21 13:59:21 +0100
Processing by UsersController#index as */*
  Parameters: {"user"=>{}}
  [1m[36mUser Load (0.5ms)[0m  [1m[34mSELECT "users".* FROM "users"[0m
Completed 200 OK in 5ms (Views: 2.8ms | ActiveRecord: 0.5ms)


Started GET "/api/schools" for 127.0.0.1 at 2017-07-21 14:00:03 +0100
  
ActionController::RoutingError (uninitialized constant SchoolsController):
  
activesupport (5.1.2) lib/active_support/inflector/methods.rb:269:in `const_get'
activesupport (5.1.2) lib/active_support/inflector/methods.rb:269:in `block in constantize'
activesupport (5.1.2) lib/active_support/inflector/methods.rb:267:in `each'
activesupport (5.1.2) lib/active_support/inflector/methods.rb:267:in `inject'
activesupport (5.1.2) lib/active_support/inflector/methods.rb:267:in `constantize'
actionpack (5.1.2) lib/action_dispatch/http/request.rb:82:in `controller_class'
actionpack (5.1.2) lib/action_dispatch/routing/route_set.rb:43:in `controller'
actionpack (5.1.2) lib/action_dispatch/routing/route_set.rb:29:in `serve'
actionpack (5.1.2) lib/action_dispatch/journey/router.rb:46:in `block in serve'
actionpack (5.1.2) lib/action_dispatch/journey/router.rb:33:in `each'
actionpack (5.1.2) lib/action_dispatch/journey/router.rb:33:in `serve'
actionpack (5.1.2) lib/action_dispatch/routing/route_set.rb:832:in `call'
rack (2.0.3) lib/rack/etag.rb:25:in `call'
rack (2.0.3) lib/rack/conditional_get.rb:25:in `call'
rack (2.0.3) lib/rack/head.rb:12:in `call'
activerecord (5.1.2) lib/active_record/migration.rb:556:in `call'
actionpack (5.1.2) lib/action_dispatch/middleware/callbacks.rb:26:in `block in call'
activesupport (5.1.2) lib/active_support/callbacks.rb:97:in `run_callbacks'
actionpack (5.1.2) lib/action_dispatch/middleware/callbacks.rb:24:in `call'
actionpack (5.1.2) lib/action_dispatch/middleware/executor.rb:12:in `call'
actionpack (5.1.2) lib/action_dispatch/middleware/debug_exceptions.rb:59:in `call'
actionpack (5.1.2) lib/action_dispatch/middleware/show_exceptions.rb:31:in `call'
railties (5.1.2) lib/rails/rack/logger.rb:36:in `call_app'
railties (5.1.2) lib/rails/rack/logger.rb:24:in `block in call'
activesupport (5.1.2) lib/active_support/tagged_logging.rb:69:in `block in tagged'
activesupport (5.1.2) lib/active_support/tagged_logging.rb:26:in `tagged'
activesupport (5.1.2) lib/active_support/tagged_logging.rb:69:in `tagged'
railties (5.1.2) lib/rails/rack/logger.rb:24:in `call'
actionpack (5.1.2) lib/action_dispatch/middleware/remote_ip.rb:79:in `call'
actionpack (5.1.2) lib/action_dispatch/middleware/request_id.rb:25:in `call'
rack (2.0.3) lib/rack/runtime.rb:22:in `call'
activesupport (5.1.2) lib/active_support/cache/strategy/local_cache_middleware.rb:27:in `call'
actionpack (5.1.2) lib/action_dispatch/middleware/executor.rb:12:in `call'
actionpack (5.1.2) lib/action_dispatch/middleware/static.rb:125:in `call'
rack (2.0.3) lib/rack/sendfile.rb:111:in `call'
rack-cors (1.0.0) lib/rack/cors.rb:93:in `call'
railties (5.1.2) lib/rails/engine.rb:522:in `call'
puma (3.9.1) lib/puma/configuration.rb:224:in `call'
puma (3.9.1) lib/puma/server.rb:602:in `handle_request'
puma (3.9.1) lib/puma/server.rb:435:in `process_client'
puma (3.9.1) lib/puma/server.rb:299:in `block in run'
puma (3.9.1) lib/puma/thread_pool.rb:120:in `block in spawn_thread'
Started GET "/api/schools" for 127.0.0.1 at 2017-07-21 14:00:18 +0100
  [1m[35m (1.8ms)[0m  [1m[34mSELECT "schema_migrations"."version" FROM "schema_migrations" ORDER BY "schema_migrations"."version" ASC[0m
  
ActionController::RoutingError (uninitialized constant SchoolsController):
  
activesupport (5.1.2) lib/active_support/inflector/methods.rb:269:in `const_get'
activesupport (5.1.2) lib/active_support/inflector/methods.rb:269:in `block in constantize'
activesupport (5.1.2) lib/active_support/inflector/methods.rb:267:in `each'
activesupport (5.1.2) lib/active_support/inflector/methods.rb:267:in `inject'
activesupport (5.1.2) lib/active_support/inflector/methods.rb:267:in `constantize'
actionpack (5.1.2) lib/action_dispatch/http/request.rb:82:in `controller_class'
actionpack (5.1.2) lib/action_dispatch/routing/route_set.rb:43:in `controller'
actionpack (5.1.2) lib/action_dispatch/routing/route_set.rb:29:in `serve'
actionpack (5.1.2) lib/action_dispatch/journey/router.rb:46:in `block in serve'
actionpack (5.1.2) lib/action_dispatch/journey/router.rb:33:in `each'
actionpack (5.1.2) lib/action_dispatch/journey/router.rb:33:in `serve'
actionpack (5.1.2) lib/action_dispatch/routing/route_set.rb:832:in `call'
rack (2.0.3) lib/rack/etag.rb:25:in `call'
rack (2.0.3) lib/rack/conditional_get.rb:25:in `call'
rack (2.0.3) lib/rack/head.rb:12:in `call'
activerecord (5.1.2) lib/active_record/migration.rb:556:in `call'
actionpack (5.1.2) lib/action_dispatch/middleware/callbacks.rb:26:in `block in call'
activesupport (5.1.2) lib/active_support/callbacks.rb:97:in `run_callbacks'
actionpack (5.1.2) lib/action_dispatch/middleware/callbacks.rb:24:in `call'
actionpack (5.1.2) lib/action_dispatch/middleware/executor.rb:12:in `call'
actionpack (5.1.2) lib/action_dispatch/middleware/debug_exceptions.rb:59:in `call'
actionpack (5.1.2) lib/action_dispatch/middleware/show_exceptions.rb:31:in `call'
railties (5.1.2) lib/rails/rack/logger.rb:36:in `call_app'
railties (5.1.2) lib/rails/rack/logger.rb:24:in `block in call'
activesupport (5.1.2) lib/active_support/tagged_logging.rb:69:in `block in tagged'
activesupport (5.1.2) lib/active_support/tagged_logging.rb:26:in `tagged'
activesupport (5.1.2) lib/active_support/tagged_logging.rb:69:in `tagged'
railties (5.1.2) lib/rails/rack/logger.rb:24:in `call'
actionpack (5.1.2) lib/action_dispatch/middleware/remote_ip.rb:79:in `call'
actionpack (5.1.2) lib/action_dispatch/middleware/request_id.rb:25:in `call'
rack (2.0.3) lib/rack/runtime.rb:22:in `call'
activesupport (5.1.2) lib/active_support/cache/strategy/local_cache_middleware.rb:27:in `call'
actionpack (5.1.2) lib/action_dispatch/middleware/executor.rb:12:in `call'
actionpack (5.1.2) lib/action_dispatch/middleware/static.rb:125:in `call'
rack (2.0.3) lib/rack/sendfile.rb:111:in `call'
rack-cors (1.0.0) lib/rack/cors.rb:93:in `call'
railties (5.1.2) lib/rails/engine.rb:522:in `call'
puma (3.9.1) lib/puma/configuration.rb:224:in `call'
puma (3.9.1) lib/puma/server.rb:602:in `handle_request'
puma (3.9.1) lib/puma/server.rb:435:in `process_client'
puma (3.9.1) lib/puma/server.rb:299:in `block in run'
puma (3.9.1) lib/puma/thread_pool.rb:120:in `block in spawn_thread'
Started GET "/api/schools" for 127.0.0.1 at 2017-07-21 14:04:01 +0100
  [1m[35m (1.5ms)[0m  [1m[34mSELECT "schema_migrations"."version" FROM "schema_migrations" ORDER BY "schema_migrations"."version" ASC[0m
Processing by SchoolsController#index as */*
  Parameters: {"school"=>{}}
  [1m[36mSchool Load (0.6ms)[0m  [1m[34mSELECT "schools".* FROM "schools"[0m
Completed 200 OK in 13ms (Views: 8.4ms | ActiveRecord: 6.8ms)


  [1m[35m (0.3ms)[0m  [1m[34mSELECT pg_try_advisory_lock(1347200930821886805);[0m
  [1m[35m (0.9ms)[0m  [1m[34mSELECT "schema_migrations"."version" FROM "schema_migrations" ORDER BY "schema_migrations"."version" ASC[0m
Migrating to CreateStudents (20170721131934)
  [1m[35m (0.2ms)[0m  [1m[35mBEGIN[0m
  [1m[35m (34.8ms)[0m  [1m[35mCREATE TABLE "students" ("id" bigserial primary key, "first_name" character varying, "last_name" character varying, "email" character varying, "password_digest" character varying, "school_id" bigint, "created_at" timestamp NOT NULL, "updated_at" timestamp NOT NULL, CONSTRAINT "fk_rails_0adebddbd5"
FOREIGN KEY ("school_id")
  REFERENCES "schools" ("id")
)[0m
  [1m[35m (4.0ms)[0m  [1m[35mCREATE  INDEX  "index_students_on_school_id" ON "students"  ("school_id")[0m
  [1m[35mSQL (2.2ms)[0m  [1m[32mINSERT INTO "schema_migrations" ("version") VALUES ($1) RETURNING "version"[0m  [["version", "20170721131934"]]
  [1m[35m (1.7ms)[0m  [1m[35mCOMMIT[0m
  [1m[36mActiveRecord::InternalMetadata Load (0.4ms)[0m  [1m[34mSELECT  "ar_internal_metadata".* FROM "ar_internal_metadata" WHERE "ar_internal_metadata"."key" = $1 LIMIT $2[0m  [["key", "environment"], ["LIMIT", 1]]
  [1m[35m (0.2ms)[0m  [1m[35mBEGIN[0m
  [1m[35m (0.2ms)[0m  [1m[35mCOMMIT[0m
  [1m[35m (0.3ms)[0m  [1m[34mSELECT pg_advisory_unlock(1347200930821886805)[0m
  [1m[35m (0.4ms)[0m  [1m[34mSELECT "schema_migrations"."version" FROM "schema_migrations" ORDER BY "schema_migrations"."version" ASC[0m
  [1m[35m (1.6ms)[0m  [1m[35mCREATE DATABASE "final_project_api_development" ENCODING = 'unicode'[0m
  [1m[35m (0.5ms)[0m  [1m[35mCREATE DATABASE "final_project_api_test" ENCODING = 'unicode'[0m
  [1m[35m (0.2ms)[0m  [1m[35mBEGIN[0m
  [1m[36mStudent Exists (2.8ms)[0m  [1m[34mSELECT  1 AS one FROM "students" WHERE "students"."email" = $1 LIMIT $2[0m  [["email", "tom@email.com"], ["LIMIT", 1]]
  [1m[35m (0.3ms)[0m  [1m[31mROLLBACK[0m
  [1m[35m (0.2ms)[0m  [1m[35mBEGIN[0m
  [1m[36mSchool Load (0.5ms)[0m  [1m[34mSELECT  "schools".* FROM "schools" WHERE "schools"."id" = $1 LIMIT $2[0m  [["id", 1], ["LIMIT", 1]]
  [1m[36mStudent Exists (0.7ms)[0m  [1m[34mSELECT  1 AS one FROM "students" WHERE "students"."email" = $1 LIMIT $2[0m  [["email", "tom@email.com"], ["LIMIT", 1]]
  [1m[35mSQL (9.7ms)[0m  [1m[32mINSERT INTO "students" ("first_name", "last_name", "email", "password_digest", "school_id", "created_at", "updated_at") VALUES ($1, $2, $3, $4, $5, $6, $7) RETURNING "id"[0m  [["first_name", "Tom"], ["last_name", "Jones"], ["email", "tom@email.com"], ["password_digest", "$2a$10$HcgiTyo.UcnD1vhL8a20Je1Qr8aTcNjAM09dMjPd0Kw42hpvsAkOq"], ["school_id", 1], ["created_at", "2017-07-21 13:27:18.049089"], ["updated_at", "2017-07-21 13:27:18.049089"]]
  [1m[35m (1.6ms)[0m  [1m[35mCOMMIT[0m
Started POST "/api/register" for 127.0.0.1 at 2017-07-21 14:44:15 +0100
  [1m[35m (0.9ms)[0m  [1m[34mSELECT "schema_migrations"."version" FROM "schema_migrations" ORDER BY "schema_migrations"."version" ASC[0m
  
ActionController::RoutingError (No route matches [POST] "/api/register"):
  
actionpack (5.1.2) lib/action_dispatch/middleware/debug_exceptions.rb:63:in `call'
actionpack (5.1.2) lib/action_dispatch/middleware/show_exceptions.rb:31:in `call'
railties (5.1.2) lib/rails/rack/logger.rb:36:in `call_app'
railties (5.1.2) lib/rails/rack/logger.rb:24:in `block in call'
activesupport (5.1.2) lib/active_support/tagged_logging.rb:69:in `block in tagged'
activesupport (5.1.2) lib/active_support/tagged_logging.rb:26:in `tagged'
activesupport (5.1.2) lib/active_support/tagged_logging.rb:69:in `tagged'
railties (5.1.2) lib/rails/rack/logger.rb:24:in `call'
actionpack (5.1.2) lib/action_dispatch/middleware/remote_ip.rb:79:in `call'
actionpack (5.1.2) lib/action_dispatch/middleware/request_id.rb:25:in `call'
rack (2.0.3) lib/rack/runtime.rb:22:in `call'
activesupport (5.1.2) lib/active_support/cache/strategy/local_cache_middleware.rb:27:in `call'
actionpack (5.1.2) lib/action_dispatch/middleware/executor.rb:12:in `call'
actionpack (5.1.2) lib/action_dispatch/middleware/static.rb:125:in `call'
rack (2.0.3) lib/rack/sendfile.rb:111:in `call'
rack-cors (1.0.0) lib/rack/cors.rb:93:in `call'
railties (5.1.2) lib/rails/engine.rb:522:in `call'
puma (3.9.1) lib/puma/configuration.rb:224:in `call'
puma (3.9.1) lib/puma/server.rb:602:in `handle_request'
puma (3.9.1) lib/puma/server.rb:435:in `process_client'
puma (3.9.1) lib/puma/server.rb:299:in `block in run'
puma (3.9.1) lib/puma/thread_pool.rb:120:in `block in spawn_thread'
Started POST "/api/register" for 127.0.0.1 at 2017-07-21 14:53:44 +0100
  
ActionController::RoutingError (No route matches [POST] "/api/register"):
  
actionpack (5.1.2) lib/action_dispatch/middleware/debug_exceptions.rb:63:in `call'
actionpack (5.1.2) lib/action_dispatch/middleware/show_exceptions.rb:31:in `call'
railties (5.1.2) lib/rails/rack/logger.rb:36:in `call_app'
railties (5.1.2) lib/rails/rack/logger.rb:24:in `block in call'
activesupport (5.1.2) lib/active_support/tagged_logging.rb:69:in `block in tagged'
activesupport (5.1.2) lib/active_support/tagged_logging.rb:26:in `tagged'
activesupport (5.1.2) lib/active_support/tagged_logging.rb:69:in `tagged'
railties (5.1.2) lib/rails/rack/logger.rb:24:in `call'
actionpack (5.1.2) lib/action_dispatch/middleware/remote_ip.rb:79:in `call'
actionpack (5.1.2) lib/action_dispatch/middleware/request_id.rb:25:in `call'
rack (2.0.3) lib/rack/runtime.rb:22:in `call'
activesupport (5.1.2) lib/active_support/cache/strategy/local_cache_middleware.rb:27:in `call'
actionpack (5.1.2) lib/action_dispatch/middleware/executor.rb:12:in `call'
actionpack (5.1.2) lib/action_dispatch/middleware/static.rb:125:in `call'
rack (2.0.3) lib/rack/sendfile.rb:111:in `call'
rack-cors (1.0.0) lib/rack/cors.rb:93:in `call'
railties (5.1.2) lib/rails/engine.rb:522:in `call'
puma (3.9.1) lib/puma/configuration.rb:224:in `call'
puma (3.9.1) lib/puma/server.rb:602:in `handle_request'
puma (3.9.1) lib/puma/server.rb:435:in `process_client'
puma (3.9.1) lib/puma/server.rb:299:in `block in run'
puma (3.9.1) lib/puma/thread_pool.rb:120:in `block in spawn_thread'
Started POST "/api/register" for 127.0.0.1 at 2017-07-21 14:54:08 +0100
  [1m[35m (1.3ms)[0m  [1m[34mSELECT "schema_migrations"."version" FROM "schema_migrations" ORDER BY "schema_migrations"."version" ASC[0m
  
ActionController::RoutingError (No route matches [POST] "/api/register"):
  
actionpack (5.1.2) lib/action_dispatch/middleware/debug_exceptions.rb:63:in `call'
actionpack (5.1.2) lib/action_dispatch/middleware/show_exceptions.rb:31:in `call'
railties (5.1.2) lib/rails/rack/logger.rb:36:in `call_app'
railties (5.1.2) lib/rails/rack/logger.rb:24:in `block in call'
activesupport (5.1.2) lib/active_support/tagged_logging.rb:69:in `block in tagged'
activesupport (5.1.2) lib/active_support/tagged_logging.rb:26:in `tagged'
activesupport (5.1.2) lib/active_support/tagged_logging.rb:69:in `tagged'
railties (5.1.2) lib/rails/rack/logger.rb:24:in `call'
actionpack (5.1.2) lib/action_dispatch/middleware/remote_ip.rb:79:in `call'
actionpack (5.1.2) lib/action_dispatch/middleware/request_id.rb:25:in `call'
rack (2.0.3) lib/rack/runtime.rb:22:in `call'
activesupport (5.1.2) lib/active_support/cache/strategy/local_cache_middleware.rb:27:in `call'
actionpack (5.1.2) lib/action_dispatch/middleware/executor.rb:12:in `call'
actionpack (5.1.2) lib/action_dispatch/middleware/static.rb:125:in `call'
rack (2.0.3) lib/rack/sendfile.rb:111:in `call'
rack-cors (1.0.0) lib/rack/cors.rb:93:in `call'
railties (5.1.2) lib/rails/engine.rb:522:in `call'
puma (3.9.1) lib/puma/configuration.rb:224:in `call'
puma (3.9.1) lib/puma/server.rb:602:in `handle_request'
puma (3.9.1) lib/puma/server.rb:435:in `process_client'
puma (3.9.1) lib/puma/server.rb:299:in `block in run'
puma (3.9.1) lib/puma/thread_pool.rb:120:in `block in spawn_thread'
Started POST "/api/register" for 127.0.0.1 at 2017-07-21 14:55:03 +0100
  [1m[35m (1.7ms)[0m  [1m[34mSELECT "schema_migrations"."version" FROM "schema_migrations" ORDER BY "schema_migrations"."version" ASC[0m
Processing by AuthenticationsController#register as */*
  Parameters: {"email"=>"clare@email.com", "username"=>"clare", "first_name"=>"Clare", "last_name"=>"Smith", "password"=>"[FILTERED]", "password_confirmation"=>"[FILTERED]", "schools_id"=>"2", "authentication"=>{"email"=>"clare@email.com", "username"=>"clare", "first_name"=>"Clare", "last_name"=>"Smith", "password"=>"[FILTERED]", "password_confirmation"=>"[FILTERED]", "schools_id"=>"2"}}
Completed 500 Internal Server Error in 128ms (ActiveRecord: 0.0ms)


  
NameError (undefined local variable or method `student_params' for #<AuthenticationsController:0x007fc4793c9408>):
  
app/controllers/authentications_controller.rb:4:in `register'
Started POST "/api/register" for 127.0.0.1 at 2017-07-21 14:55:54 +0100
  [1m[35m (0.9ms)[0m  [1m[34mSELECT "schema_migrations"."version" FROM "schema_migrations" ORDER BY "schema_migrations"."version" ASC[0m
Processing by AuthenticationsController#register as */*
  Parameters: {"email"=>"clare@email.com", "username"=>"clare", "first_name"=>"Clare", "last_name"=>"Smith", "password"=>"[FILTERED]", "password_confirmation"=>"[FILTERED]", "schools_id"=>"2", "authentication"=>{"email"=>"clare@email.com", "username"=>"clare", "first_name"=>"Clare", "last_name"=>"Smith", "password"=>"[FILTERED]", "password_confirmation"=>"[FILTERED]", "schools_id"=>"2"}}
Completed 500 Internal Server Error in 157ms (ActiveRecord: 0.0ms)


  
NameError (undefined local variable or method `student_params' for #<AuthenticationsController:0x007fae87be2700>):
  
app/controllers/authentications_controller.rb:4:in `register'
Started POST "/api/register" for 127.0.0.1 at 2017-07-21 14:57:28 +0100
  [1m[35m (0.9ms)[0m  [1m[34mSELECT "schema_migrations"."version" FROM "schema_migrations" ORDER BY "schema_migrations"."version" ASC[0m
Processing by AuthenticationsController#register as */*
  Parameters: {"email"=>"clare@email.com", "username"=>"clare", "first_name"=>"Clare", "last_name"=>"Smith", "password"=>"[FILTERED]", "password_confirmation"=>"[FILTERED]", "schools_id"=>"2", "authentication"=>{"email"=>"clare@email.com", "username"=>"clare", "first_name"=>"Clare", "last_name"=>"Smith", "password"=>"[FILTERED]", "password_confirmation"=>"[FILTERED]", "schools_id"=>"2"}}
Unpermitted parameters: :username, :schools_id, :authentication
  [1m[35m (0.3ms)[0m  [1m[35mBEGIN[0m
  [1m[36mStudent Exists (2.9ms)[0m  [1m[34mSELECT  1 AS one FROM "students" WHERE "students"."email" = $1 LIMIT $2[0m  [["email", "clare@email.com"], ["LIMIT", 1]]
  [1m[35m (0.3ms)[0m  [1m[31mROLLBACK[0m
[active_model_serializers] Rendered ActiveModel::Serializer::Null with Hash (0.26ms)
Completed 422 Unprocessable Entity in 164ms (Views: 6.5ms | ActiveRecord: 10.3ms)


Started POST "/api/register" for 127.0.0.1 at 2017-07-21 14:57:40 +0100
Processing by AuthenticationsController#register as */*
  Parameters: {"email"=>"clare@email.com", "username"=>"clare", "first_name"=>"Clare", "last_name"=>"Smith", "password"=>"[FILTERED]", "password_confirmation"=>"[FILTERED]", "school_id"=>"2", "authentication"=>{"email"=>"clare@email.com", "username"=>"clare", "first_name"=>"Clare", "last_name"=>"Smith", "password"=>"[FILTERED]", "password_confirmation"=>"[FILTERED]", "school_id"=>"2"}}
Unpermitted parameters: :username, :school_id, :authentication
  [1m[35m (0.2ms)[0m  [1m[35mBEGIN[0m
  [1m[36mStudent Exists (1.4ms)[0m  [1m[34mSELECT  1 AS one FROM "students" WHERE "students"."email" = $1 LIMIT $2[0m  [["email", "clare@email.com"], ["LIMIT", 1]]
  [1m[35m (0.2ms)[0m  [1m[31mROLLBACK[0m
[active_model_serializers] Rendered ActiveModel::Serializer::Null with Hash (0.08ms)
Completed 422 Unprocessable Entity in 108ms (Views: 0.5ms | ActiveRecord: 13.3ms)


Started POST "/api/register" for 127.0.0.1 at 2017-07-21 14:58:21 +0100
Processing by AuthenticationsController#register as */*
  Parameters: {"email"=>"clare@email.com", "username"=>"clare", "first_name"=>"Clare", "last_name"=>"Smith", "schools_id"=>"2", "password"=>"[FILTERED]", "password_confirmation"=>"[FILTERED]", "authentication"=>{"email"=>"clare@email.com", "username"=>"clare", "first_name"=>"Clare", "last_name"=>"Smith", "schools_id"=>"2", "password"=>"[FILTERED]", "password_confirmation"=>"[FILTERED]"}}
Unpermitted parameters: :username, :schools_id, :authentication
  [1m[35m (0.4ms)[0m  [1m[35mBEGIN[0m
  [1m[36mStudent Exists (0.4ms)[0m  [1m[34mSELECT  1 AS one FROM "students" WHERE "students"."email" = $1 LIMIT $2[0m  [["email", "clare@email.com"], ["LIMIT", 1]]
  [1m[35m (0.2ms)[0m  [1m[31mROLLBACK[0m
[active_model_serializers] Rendered ActiveModel::Serializer::Null with Hash (0.07ms)
Completed 422 Unprocessable Entity in 93ms (Views: 0.9ms | ActiveRecord: 0.9ms)


Started POST "/api/register" for 127.0.0.1 at 2017-07-21 14:58:28 +0100
Processing by AuthenticationsController#register as */*
  Parameters: {"email"=>"clare@email.com", "username"=>"clare", "first_name"=>"Clare", "last_name"=>"Smith", "schools_id"=>2, "password"=>"[FILTERED]", "password_confirmation"=>"[FILTERED]", "authentication"=>{"email"=>"clare@email.com", "username"=>"clare", "first_name"=>"Clare", "last_name"=>"Smith", "schools_id"=>2, "password"=>"[FILTERED]", "password_confirmation"=>"[FILTERED]"}}
Unpermitted parameters: :username, :schools_id, :authentication
  [1m[35m (0.2ms)[0m  [1m[35mBEGIN[0m
  [1m[36mStudent Exists (0.4ms)[0m  [1m[34mSELECT  1 AS one FROM "students" WHERE "students"."email" = $1 LIMIT $2[0m  [["email", "clare@email.com"], ["LIMIT", 1]]
  [1m[35m (0.2ms)[0m  [1m[31mROLLBACK[0m
[active_model_serializers] Rendered ActiveModel::Serializer::Null with Hash (0.08ms)
Completed 422 Unprocessable Entity in 88ms (Views: 0.5ms | ActiveRecord: 0.9ms)


Started POST "/api/register" for 127.0.0.1 at 2017-07-21 14:59:02 +0100
Processing by AuthenticationsController#register as */*
  Parameters: {"email"=>"clare@email.com", "username"=>"clare", "first_name"=>"Clare", "last_name"=>"Smith", "school_id"=>2, "password"=>"[FILTERED]", "password_confirmation"=>"[FILTERED]", "authentication"=>{"email"=>"clare@email.com", "username"=>"clare", "first_name"=>"Clare", "last_name"=>"Smith", "school_id"=>2, "password"=>"[FILTERED]", "password_confirmation"=>"[FILTERED]"}}
Unpermitted parameters: :username, :school_id, :authentication
  [1m[35m (0.2ms)[0m  [1m[35mBEGIN[0m
  [1m[36mStudent Exists (0.6ms)[0m  [1m[34mSELECT  1 AS one FROM "students" WHERE "students"."email" = $1 LIMIT $2[0m  [["email", "clare@email.com"], ["LIMIT", 1]]
  [1m[35m (0.7ms)[0m  [1m[31mROLLBACK[0m
[active_model_serializers] Rendered ActiveModel::Serializer::Null with Hash (0.26ms)
Completed 422 Unprocessable Entity in 87ms (Views: 0.6ms | ActiveRecord: 1.5ms)


Started POST "/api/register" for 127.0.0.1 at 2017-07-21 14:59:12 +0100
Processing by AuthenticationsController#register as */*
  Parameters: {"email"=>"clare@email.com", "username"=>"clare", "first_name"=>"Clare", "last_name"=>"Smith", "school_id"=>1, "password"=>"[FILTERED]", "password_confirmation"=>"[FILTERED]", "authentication"=>{"email"=>"clare@email.com", "username"=>"clare", "first_name"=>"Clare", "last_name"=>"Smith", "school_id"=>1, "password"=>"[FILTERED]", "password_confirmation"=>"[FILTERED]"}}
Unpermitted parameters: :username, :school_id, :authentication
  [1m[35m (0.2ms)[0m  [1m[35mBEGIN[0m
  [1m[36mStudent Exists (0.6ms)[0m  [1m[34mSELECT  1 AS one FROM "students" WHERE "students"."email" = $1 LIMIT $2[0m  [["email", "clare@email.com"], ["LIMIT", 1]]
  [1m[35m (0.4ms)[0m  [1m[31mROLLBACK[0m
[active_model_serializers] Rendered ActiveModel::Serializer::Null with Hash (0.15ms)
Completed 422 Unprocessable Entity in 83ms (Views: 1.2ms | ActiveRecord: 1.1ms)


Started POST "/api/register" for 127.0.0.1 at 2017-07-21 15:00:15 +0100
Processing by AuthenticationsController#register as */*
  Parameters: {"email"=>"clare@email.com", "first_name"=>"Clare", "last_name"=>"Smith", "schools_id"=>1, "password"=>"[FILTERED]", "password_confirmation"=>"[FILTERED]", "authentication"=>{"email"=>"clare@email.com", "first_name"=>"Clare", "last_name"=>"Smith", "schools_id"=>1, "password"=>"[FILTERED]", "password_confirmation"=>"[FILTERED]"}}
Unpermitted parameter: :authentication
Completed 500 Internal Server Error in 99ms (ActiveRecord: 0.0ms)


  
ActiveModel::UnknownAttributeError (unknown attribute 'schools_id' for Student.):
  
app/controllers/authentications_controller.rb:4:in `register'
Started POST "/api/register" for 127.0.0.1 at 2017-07-21 15:00:29 +0100
Processing by AuthenticationsController#register as */*
  Parameters: {"email"=>"clare@email.com", "first_name"=>"Clare", "last_name"=>"Smith", "school_id"=>1, "password"=>"[FILTERED]", "password_confirmation"=>"[FILTERED]", "authentication"=>{"email"=>"clare@email.com", "first_name"=>"Clare", "last_name"=>"Smith", "school_id"=>1, "password"=>"[FILTERED]", "password_confirmation"=>"[FILTERED]"}}
Unpermitted parameter: :authentication
  [1m[35m (0.3ms)[0m  [1m[35mBEGIN[0m
  [1m[36mSchool Load (0.5ms)[0m  [1m[34mSELECT  "schools".* FROM "schools" WHERE "schools"."id" = $1 LIMIT $2[0m  [["id", 1], ["LIMIT", 1]]
  [1m[36mStudent Exists (0.5ms)[0m  [1m[34mSELECT  1 AS one FROM "students" WHERE "students"."email" = $1 LIMIT $2[0m  [["email", "clare@email.com"], ["LIMIT", 1]]
  [1m[35mSQL (1.1ms)[0m  [1m[32mINSERT INTO "students" ("first_name", "last_name", "email", "password_digest", "school_id", "created_at", "updated_at") VALUES ($1, $2, $3, $4, $5, $6, $7) RETURNING "id"[0m  [["first_name", "Clare"], ["last_name", "Smith"], ["email", "clare@email.com"], ["password_digest", "$2a$10$HHOTCj9yK/A56SLN.rLHO.Qvr2PPXO2qX6hV4MvfJ2ZbwS87heVpm"], ["school_id", 1], ["created_at", "2017-07-21 14:00:29.284728"], ["updated_at", "2017-07-21 14:00:29.284728"]]
  [1m[35m (1.6ms)[0m  [1m[35mCOMMIT[0m
[active_model_serializers] Rendered ActiveModel::Serializer::Null with Student (0.37ms)
Completed 200 OK in 156ms (Views: 8.2ms | ActiveRecord: 10.7ms)


  [1m[36mStudent Load (0.6ms)[0m  [1m[34mSELECT  "students".* FROM "students" ORDER BY "students"."id" DESC LIMIT $1[0m  [["LIMIT", 1]]
  [1m[36mStudent Load (0.6ms)[0m  [1m[34mSELECT  "students".* FROM "students" ORDER BY "students"."id" DESC LIMIT $1[0m  [["LIMIT", 1]]
Started POST "/api/login" for 127.0.0.1 at 2017-07-21 15:06:50 +0100
  [1m[35m (1.4ms)[0m  [1m[34mSELECT "schema_migrations"."version" FROM "schema_migrations" ORDER BY "schema_migrations"."version" ASC[0m
Processing by AuthenticationsController#login as */*
  Parameters: {"email"=>"clare@email.com", "password"=>"[FILTERED]", "authentication"=>{"email"=>"clare@email.com", "password"=>"[FILTERED]"}}
  [1m[36mStudent Load (0.6ms)[0m  [1m[34mSELECT  "students".* FROM "students" WHERE "students"."email" = $1 LIMIT $2[0m  [["email", "clare@email.com"], ["LIMIT", 1]]
[active_model_serializers] Rendered ActiveModel::Serializer::Null with Student (1.89ms)
Completed 200 OK in 144ms (Views: 10.6ms | ActiveRecord: 7.8ms)


Started POST "/api/login" for 127.0.0.1 at 2017-07-21 15:06:57 +0100
Processing by AuthenticationsController#login as */*
  Parameters: {"email"=>"clare@email.com", "password"=>"[FILTERED]", "authentication"=>{"email"=>"clare@email.com", "password"=>"[FILTERED]"}}
  [1m[36mStudent Load (1.3ms)[0m  [1m[34mSELECT  "students".* FROM "students" WHERE "students"."email" = $1 LIMIT $2[0m  [["email", "clare@email.com"], ["LIMIT", 1]]
[active_model_serializers] Rendered ActiveModel::Serializer::Null with Hash (0.26ms)
Completed 401 Unauthorized in 105ms (Views: 1.8ms | ActiveRecord: 12.1ms)


